# JRE version: OpenJDK Runtime Environment Temurin-17.0.10+7 (17.0.10+7) (build 17.0.10+7)
# Java VM: OpenJDK 64-Bit Server VM Temurin-17.0.10+7 (17.0.10+7, mixed mode, tiered, compressed oops, compressed class ptrs, parallel gc, windows-amd64)
GC Precious Log:
 CPUs: 16 total, 16 available
 Memory: 15610M
 Large Page Support: Disabled
 NUMA Support: Disabled
 Compressed Oops: Enabled (32-bit)
 Alignments: Space 512K, Generation 512K, Heap 2M
 Heap Min Capacity: 100M
 Heap Initial Capacity: 100M
 Heap Max Capacity: 1G
 Pre-touch: Disabled
 Parallel Workers: 13
Heap:
 PSYoungGen      total 20992K, used 16402K [0x00000000eab00000, 0x00000000ec280000, 0x0000000100000000)
  eden space 18944K, 78% used [0x00000000eab00000,0x00000000eb96f940,0x00000000ebd80000)
  from space 2048K, 79% used [0x00000000ec080000,0x00000000ec2150d0,0x00000000ec280000)
  to   space 2048K, 0% used [0x00000000ebe80000,0x00000000ebe80000,0x00000000ec080000)
 ParOldGen       total 68608K, used 62222K [0x00000000c0000000, 0x00000000c4300000, 0x00000000eab00000)
  object space 68608K, 90% used [0x00000000c0000000,0x00000000c3cc3808,0x00000000c4300000)
 Metaspace       used 70356K, committed 71808K, reserved 1114112K
  class space    used 7477K, committed 8128K, reserved 1048576K
GC Heap History (20 events):
Event: 6.501 GC heap before
{Heap before GC invocations=44 (full 3):
 PSYoungGen      total 24064K, used 24000K [0x00000000eab00000, 0x00000000ec500000, 0x0000000100000000)
  eden space 21504K, 100% used [0x00000000eab00000,0x00000000ec000000,0x00000000ec000000)
  from space 2560K, 97% used [0x00000000ec280000,0x00000000ec4f0010,0x00000000ec500000)
  to   space 2560K, 0% used [0x00000000ec000000,0x00000000ec000000,0x00000000ec280000)
 ParOldGen       total 68608K, used 49391K [0x00000000c0000000, 0x00000000c4300000, 0x00000000eab00000)
  object space 68608K, 71% used [0x00000000c0000000,0x00000000c303bef8,0x00000000c4300000)
 Metaspace       used 64163K, committed 65344K, reserved 1114112K
  class space    used 6809K, committed 7296K, reserved 1048576K
}
Event: 6.503 GC heap after
{Heap after GC invocations=44 (full 3):
 PSYoungGen      total 23040K, used 1504K [0x00000000eab00000, 0x00000000ec400000, 0x0000000100000000)
  eden space 21504K, 0% used [0x00000000eab00000,0x00000000eab00000,0x00000000ec000000)
  from space 1536K, 97% used [0x00000000ec000000,0x00000000ec178000,0x00000000ec180000)
  to   space 2048K, 0% used [0x00000000ec200000,0x00000000ec200000,0x00000000ec400000)
 ParOldGen       total 68608K, used 51711K [0x00000000c0000000, 0x00000000c4300000, 0x00000000eab00000)
  object space 68608K, 75% used [0x00000000c0000000,0x00000000c327ff08,0x00000000c4300000)
 Metaspace       used 64163K, committed 65344K, reserved 1114112K
  class space    used 6809K, committed 7296K, reserved 1048576K
}
Event: 6.561 GC heap before
{Heap before GC invocations=45 (full 3):
 PSYoungGen      total 23040K, used 23007K [0x00000000eab00000, 0x00000000ec400000, 0x0000000100000000)
  eden space 21504K, 99% used [0x00000000eab00000,0x00000000ebfffff8,0x00000000ec000000)
  from space 1536K, 97% used [0x00000000ec000000,0x00000000ec178000,0x00000000ec180000)
  to   space 2048K, 0% used [0x00000000ec200000,0x00000000ec200000,0x00000000ec400000)
 ParOldGen       total 68608K, used 51711K [0x00000000c0000000, 0x00000000c4300000, 0x00000000eab00000)
  object space 68608K, 75% used [0x00000000c0000000,0x00000000c327ff08,0x00000000c4300000)
 Metaspace       used 64632K, committed 65920K, reserved 1114112K
  class space    used 6852K, committed 7424K, reserved 1048576K
}
Event: 6.562 GC heap after
{Heap after GC invocations=45 (full 3):
 PSYoungGen      total 23040K, used 1296K [0x00000000eab00000, 0x00000000ec380000, 0x0000000100000000)
  eden space 21504K, 0% used [0x00000000eab00000,0x00000000eab00000,0x00000000ec000000)
  from space 1536K, 84% used [0x00000000ec200000,0x00000000ec344180,0x00000000ec380000)
  to   space 1536K, 0% used [0x00000000ec000000,0x00000000ec000000,0x00000000ec180000)
 ParOldGen       total 68608K, used 53071K [0x00000000c0000000, 0x00000000c4300000, 0x00000000eab00000)
  object space 68608K, 77% used [0x00000000c0000000,0x00000000c33d3f08,0x00000000c4300000)
 Metaspace       used 64632K, committed 65920K, reserved 1114112K
  class space    used 6852K, committed 7424K, reserved 1048576K
}
Event: 6.605 GC heap before
{Heap before GC invocations=46 (full 3):
 PSYoungGen      total 23040K, used 22800K [0x00000000eab00000, 0x00000000ec380000, 0x0000000100000000)
  eden space 21504K, 100% used [0x00000000eab00000,0x00000000ec000000,0x00000000ec000000)
  from space 1536K, 84% used [0x00000000ec200000,0x00000000ec344180,0x00000000ec380000)
  to   space 1536K, 0% used [0x00000000ec000000,0x00000000ec000000,0x00000000ec180000)
 ParOldGen       total 68608K, used 53071K [0x00000000c0000000, 0x00000000c4300000, 0x00000000eab00000)
  object space 68608K, 77% used [0x00000000c0000000,0x00000000c33d3f08,0x00000000c4300000)
 Metaspace       used 64875K, committed 66112K, reserved 1114112K
  class space    used 6893K, committed 7424K, reserved 1048576K
}
Event: 6.608 GC heap after
{Heap after GC invocations=46 (full 3):
 PSYoungGen      total 23040K, used 1528K [0x00000000eab00000, 0x00000000ec600000, 0x0000000100000000)
  eden space 21504K, 0% used [0x00000000eab00000,0x00000000eab00000,0x00000000ec000000)
  from space 1536K, 99% used [0x00000000ec000000,0x00000000ec17e300,0x00000000ec180000)
  to   space 3072K, 0% used [0x00000000ec300000,0x00000000ec300000,0x00000000ec600000)
 ParOldGen       total 68608K, used 54199K [0x00000000c0000000, 0x00000000c4300000, 0x00000000eab00000)
  object space 68608K, 78% used [0x00000000c0000000,0x00000000c34ede78,0x00000000c4300000)
 Metaspace       used 64875K, committed 66112K, reserved 1114112K
  class space    used 6893K, committed 7424K, reserved 1048576K
}
Event: 6.653 GC heap before
{Heap before GC invocations=47 (full 3):
 PSYoungGen      total 23040K, used 23032K [0x00000000eab00000, 0x00000000ec600000, 0x0000000100000000)
  eden space 21504K, 100% used [0x00000000eab00000,0x00000000ec000000,0x00000000ec000000)
  from space 1536K, 99% used [0x00000000ec000000,0x00000000ec17e300,0x00000000ec180000)
  to   space 3072K, 0% used [0x00000000ec300000,0x00000000ec300000,0x00000000ec600000)
 ParOldGen       total 68608K, used 54199K [0x00000000c0000000, 0x00000000c4300000, 0x00000000eab00000)
  object space 68608K, 78% used [0x00000000c0000000,0x00000000c34ede78,0x00000000c4300000)
 Metaspace       used 65115K, committed 66368K, reserved 1114112K
  class space    used 6917K, committed 7488K, reserved 1048576K
}
Event: 6.656 GC heap after
{Heap after GC invocations=47 (full 3):
 PSYoungGen      total 22528K, used 768K [0x00000000eab00000, 0x00000000ec400000, 0x0000000100000000)
  eden space 21504K, 0% used [0x00000000eab00000,0x00000000eab00000,0x00000000ec000000)
  from space 1024K, 75% used [0x00000000ec300000,0x00000000ec3c0000,0x00000000ec400000)
  to   space 1536K, 0% used [0x00000000ec100000,0x00000000ec100000,0x00000000ec280000)
 ParOldGen       total 68608K, used 55485K [0x00000000c0000000, 0x00000000c4300000, 0x00000000eab00000)
  object space 68608K, 80% used [0x00000000c0000000,0x00000000c362f770,0x00000000c4300000)
 Metaspace       used 65115K, committed 66368K, reserved 1114112K
  class space    used 6917K, committed 7488K, reserved 1048576K
}
Event: 6.703 GC heap before
{Heap before GC invocations=48 (full 3):
 PSYoungGen      total 22528K, used 22272K [0x00000000eab00000, 0x00000000ec400000, 0x0000000100000000)
  eden space 21504K, 100% used [0x00000000eab00000,0x00000000ec000000,0x00000000ec000000)
  from space 1024K, 75% used [0x00000000ec300000,0x00000000ec3c0000,0x00000000ec400000)
  to   space 1536K, 0% used [0x00000000ec100000,0x00000000ec100000,0x00000000ec280000)
 ParOldGen       total 68608K, used 55485K [0x00000000c0000000, 0x00000000c4300000, 0x00000000eab00000)
  object space 68608K, 80% used [0x00000000c0000000,0x00000000c362f770,0x00000000c4300000)
 Metaspace       used 65409K, committed 66624K, reserved 1114112K
  class space    used 6944K, committed 7488K, reserved 1048576K
}
Event: 6.706 GC heap after
{Heap after GC invocations=48 (full 3):
 PSYoungGen      total 23040K, used 1533K [0x00000000eab00000, 0x00000000ec400000, 0x0000000100000000)
  eden space 21504K, 0% used [0x00000000eab00000,0x00000000eab00000,0x00000000ec000000)
  from space 1536K, 99% used [0x00000000ec100000,0x00000000ec27f780,0x00000000ec280000)
  to   space 1536K, 0% used [0x00000000ec280000,0x00000000ec280000,0x00000000ec400000)
 ParOldGen       total 68608K, used 55691K [0x00000000c0000000, 0x00000000c4300000, 0x00000000eab00000)
  object space 68608K, 81% used [0x00000000c0000000,0x00000000c3662ed0,0x00000000c4300000)
 Metaspace       used 65409K, committed 66624K, reserved 1114112K
  class space    used 6944K, committed 7488K, reserved 1048576K
}
Event: 6.746 GC heap before
{Heap before GC invocations=49 (full 3):
 PSYoungGen      total 23040K, used 23037K [0x00000000eab00000, 0x00000000ec400000, 0x0000000100000000)
  eden space 21504K, 100% used [0x00000000eab00000,0x00000000ec000000,0x00000000ec000000)
  from space 1536K, 99% used [0x00000000ec100000,0x00000000ec27f780,0x00000000ec280000)
  to   space 1536K, 0% used [0x00000000ec280000,0x00000000ec280000,0x00000000ec400000)
 ParOldGen       total 68608K, used 55691K [0x00000000c0000000, 0x00000000c4300000, 0x00000000eab00000)
  object space 68608K, 81% used [0x00000000c0000000,0x00000000c3662ed0,0x00000000c4300000)
 Metaspace       used 65699K, committed 66944K, reserved 1114112K
  class space    used 6966K, committed 7552K, reserved 1048576K
}
Event: 6.748 GC heap after
{Heap after GC invocations=49 (full 3):
 PSYoungGen      total 23040K, used 1324K [0x00000000eab00000, 0x00000000ec400000, 0x0000000100000000)
  eden space 21504K, 0% used [0x00000000eab00000,0x00000000eab00000,0x00000000ec000000)
  from space 1536K, 86% used [0x00000000ec280000,0x00000000ec3cb070,0x00000000ec400000)
  to   space 1536K, 0% used [0x00000000ec100000,0x00000000ec100000,0x00000000ec280000)
 ParOldGen       total 68608K, used 56991K [0x00000000c0000000, 0x00000000c4300000, 0x00000000eab00000)
  object space 68608K, 83% used [0x00000000c0000000,0x00000000c37a7d38,0x00000000c4300000)
 Metaspace       used 65699K, committed 66944K, reserved 1114112K
  class space    used 6966K, committed 7552K, reserved 1048576K
}
Event: 6.788 GC heap before
{Heap before GC invocations=50 (full 3):
 PSYoungGen      total 23040K, used 22828K [0x00000000eab00000, 0x00000000ec400000, 0x0000000100000000)
  eden space 21504K, 100% used [0x00000000eab00000,0x00000000ec000000,0x00000000ec000000)
  from space 1536K, 86% used [0x00000000ec280000,0x00000000ec3cb070,0x00000000ec400000)
  to   space 1536K, 0% used [0x00000000ec100000,0x00000000ec100000,0x00000000ec280000)
 ParOldGen       total 68608K, used 56991K [0x00000000c0000000, 0x00000000c4300000, 0x00000000eab00000)
  object space 68608K, 83% used [0x00000000c0000000,0x00000000c37a7d38,0x00000000c4300000)
 Metaspace       used 65840K, committed 67136K, reserved 1114112K
  class space    used 6974K, committed 7552K, reserved 1048576K
}
Event: 6.793 GC heap after
{Heap after GC invocations=50 (full 3):
 PSYoungGen      total 22528K, used 960K [0x00000000eab00000, 0x00000000ec300000, 0x0000000100000000)
  eden space 21504K, 0% used [0x00000000eab00000,0x00000000eab00000,0x00000000ec000000)
  from space 1024K, 93% used [0x00000000ec100000,0x00000000ec1f0208,0x00000000ec200000)
  to   space 1024K, 0% used [0x00000000ec200000,0x00000000ec200000,0x00000000ec300000)
 ParOldGen       total 68608K, used 58163K [0x00000000c0000000, 0x00000000c4300000, 0x00000000eab00000)
  object space 68608K, 84% used [0x00000000c0000000,0x00000000c38ccdf8,0x00000000c4300000)
 Metaspace       used 65840K, committed 67136K, reserved 1114112K
  class space    used 6974K, committed 7552K, reserved 1048576K
}
Event: 7.049 GC heap before
{Heap before GC invocations=51 (full 3):
 PSYoungGen      total 22528K, used 22464K [0x00000000eab00000, 0x00000000ec300000, 0x0000000100000000)
  eden space 21504K, 100% used [0x00000000eab00000,0x00000000ec000000,0x00000000ec000000)
  from space 1024K, 93% used [0x00000000ec100000,0x00000000ec1f0208,0x00000000ec200000)
  to   space 1024K, 0% used [0x00000000ec200000,0x00000000ec200000,0x00000000ec300000)
 ParOldGen       total 68608K, used 58163K [0x00000000c0000000, 0x00000000c4300000, 0x00000000eab00000)
  object space 68608K, 84% used [0x00000000c0000000,0x00000000c38ccdf8,0x00000000c4300000)
 Metaspace       used 67457K, committed 68800K, reserved 1114112K
  class space    used 7148K, committed 7744K, reserved 1048576K
}
Event: 7.051 GC heap after
{Heap after GC invocations=51 (full 3):
 PSYoungGen      total 19968K, used 1020K [0x00000000eab00000, 0x00000000ec900000, 0x0000000100000000)
  eden space 18944K, 0% used [0x00000000eab00000,0x00000000eab00000,0x00000000ebd80000)
  from space 1024K, 99% used [0x00000000ec200000,0x00000000ec2ff368,0x00000000ec300000)
  to   space 4608K, 0% used [0x00000000ebd80000,0x00000000ebd80000,0x00000000ec200000)
 ParOldGen       total 68608K, used 60920K [0x00000000c0000000, 0x00000000c4300000, 0x00000000eab00000)
  object space 68608K, 88% used [0x00000000c0000000,0x00000000c3b7e290,0x00000000c4300000)
 Metaspace       used 67457K, committed 68800K, reserved 1114112K
  class space    used 7148K, committed 7744K, reserved 1048576K
}
Event: 7.152 GC heap before
{Heap before GC invocations=52 (full 3):
 PSYoungGen      total 19968K, used 19964K [0x00000000eab00000, 0x00000000ec900000, 0x0000000100000000)
  eden space 18944K, 100% used [0x00000000eab00000,0x00000000ebd80000,0x00000000ebd80000)
  from space 1024K, 99% used [0x00000000ec200000,0x00000000ec2ff368,0x00000000ec300000)
  to   space 4608K, 0% used [0x00000000ebd80000,0x00000000ebd80000,0x00000000ec200000)
 ParOldGen       total 68608K, used 60920K [0x00000000c0000000, 0x00000000c4300000, 0x00000000eab00000)
  object space 68608K, 88% used [0x00000000c0000000,0x00000000c3b7e290,0x00000000c4300000)
 Metaspace       used 68510K, committed 69824K, reserved 1114112K
  class space    used 7270K, committed 7872K, reserved 1048576K
}
Event: 7.154 GC heap after
{Heap after GC invocations=52 (full 3):
 PSYoungGen      total 19968K, used 736K [0x00000000eab00000, 0x00000000ec280000, 0x0000000100000000)
  eden space 18944K, 0% used [0x00000000eab00000,0x00000000eab00000,0x00000000ebd80000)
  from space 1024K, 71% used [0x00000000ebd80000,0x00000000ebe38000,0x00000000ebe80000)
  to   space 2048K, 0% used [0x00000000ec080000,0x00000000ec080000,0x00000000ec280000)
 ParOldGen       total 68608K, used 61875K [0x00000000c0000000, 0x00000000c4300000, 0x00000000eab00000)
  object space 68608K, 90% used [0x00000000c0000000,0x00000000c3c6cf08,0x00000000c4300000)
 Metaspace       used 68510K, committed 69824K, reserved 1114112K
  class space    used 7270K, committed 7872K, reserved 1048576K
}
Event: 7.492 GC heap before
{Heap before GC invocations=53 (full 3):
 PSYoungGen      total 19968K, used 19680K [0x00000000eab00000, 0x00000000ec280000, 0x0000000100000000)
  eden space 18944K, 100% used [0x00000000eab00000,0x00000000ebd80000,0x00000000ebd80000)
  from space 1024K, 71% used [0x00000000ebd80000,0x00000000ebe38000,0x00000000ebe80000)
  to   space 2048K, 0% used [0x00000000ec080000,0x00000000ec080000,0x00000000ec280000)
 ParOldGen       total 68608K, used 61875K [0x00000000c0000000, 0x00000000c4300000, 0x00000000eab00000)
  object space 68608K, 90% used [0x00000000c0000000,0x00000000c3c6cf08,0x00000000c4300000)
 Metaspace       used 69615K, committed 70912K, reserved 1114112K
  class space    used 7401K, committed 8000K, reserved 1048576K
}
Event: 7.494 GC heap after
{Heap after GC invocations=53 (full 3):
 PSYoungGen      total 20992K, used 1620K [0x00000000eab00000, 0x00000000ec280000, 0x0000000100000000)
  eden space 18944K, 0% used [0x00000000eab00000,0x00000000eab00000,0x00000000ebd80000)
  from space 2048K, 79% used [0x00000000ec080000,0x00000000ec2150d0,0x00000000ec280000)
  to   space 2048K, 0% used [0x00000000ebe80000,0x00000000ebe80000,0x00000000ec080000)
 ParOldGen       total 68608K, used 62222K [0x00000000c0000000, 0x00000000c4300000, 0x00000000eab00000)
  object space 68608K, 90% used [0x00000000c0000000,0x00000000c3cc3808,0x00000000c4300000)
 Metaspace       used 69615K, committed 70912K, reserved 1114112K
  class space    used 7401K, committed 8000K, reserved 1048576K
}

