# JRE version: OpenJDK Runtime Environment Temurin-17.0.10+7 (17.0.10+7) (build 17.0.10+7)
# Java VM: OpenJDK 64-Bit Server VM Temurin-17.0.10+7 (17.0.10+7, mixed mode, tiered, compressed oops, compressed class ptrs, parallel gc, windows-amd64)
GC Precious Log:
 CPUs: 16 total, 16 available
 Memory: 15610M
 Large Page Support: Disabled
 NUMA Support: Disabled
 Compressed Oops: Enabled (32-bit)
 Alignments: Space 512K, Generation 512K, Heap 2M
 Heap Min Capacity: 100M
 Heap Initial Capacity: 100M
 Heap Max Capacity: 1G
 Pre-touch: Disabled
 Parallel Workers: 13
Heap:
 PSYoungGen      total 8192K, used 6997K [0x00000000eab00000, 0x00000000eb900000, 0x0000000100000000)
  eden space 7168K, 83% used [0x00000000eab00000,0x00000000eb0da428,0x00000000eb200000)
  from space 1024K, 98% used [0x00000000eb700000,0x00000000eb7fb2a0,0x00000000eb800000)
  to   space 1024K, 0% used [0x00000000eb800000,0x00000000eb800000,0x00000000eb900000)
 ParOldGen       total 159744K, used 154245K [0x00000000c0000000, 0x00000000c9c00000, 0x00000000eab00000)
  object space 159744K, 96% used [0x00000000c0000000,0x00000000c96a1450,0x00000000c9c00000)
 Metaspace       used 100928K, committed 102400K, reserved 1179648K
  class space    used 10517K, committed 11200K, reserved 1048576K
GC Heap History (20 events):
Event: 846.691 GC heap before
{Heap before GC invocations=1737 (full 43):
 PSYoungGen      total 10752K, used 10732K [0x00000000eab00000, 0x00000000ec400000, 0x0000000100000000)
  eden space 7168K, 100% used [0x00000000eab00000,0x00000000eb200000,0x00000000eb200000)
  from space 3584K, 99% used [0x00000000eb280000,0x00000000eb5fb280,0x00000000eb600000)
  to   space 9216K, 0% used [0x00000000ebb00000,0x00000000ebb00000,0x00000000ec400000)
 ParOldGen       total 159744K, used 139775K [0x00000000c0000000, 0x00000000c9c00000, 0x00000000eab00000)
  object space 159744K, 87% used [0x00000000c0000000,0x00000000c887fcd0,0x00000000c9c00000)
 Metaspace       used 100858K, committed 102336K, reserved 1179648K
  class space    used 10517K, committed 11200K, reserved 1048576K
}
Event: 846.692 GC heap after
{Heap after GC invocations=1737 (full 43):
 PSYoungGen      total 8192K, used 1004K [0x00000000eab00000, 0x00000000ebc00000, 0x0000000100000000)
  eden space 7168K, 0% used [0x00000000eab00000,0x00000000eab00000,0x00000000eb200000)
  from space 1024K, 98% used [0x00000000ebb00000,0x00000000ebbfb280,0x00000000ebc00000)
  to   space 3584K, 0% used [0x00000000eb500000,0x00000000eb500000,0x00000000eb880000)
 ParOldGen       total 159744K, used 143411K [0x00000000c0000000, 0x00000000c9c00000, 0x00000000eab00000)
  object space 159744K, 89% used [0x00000000c0000000,0x00000000c8c0cf50,0x00000000c9c00000)
 Metaspace       used 100858K, committed 102336K, reserved 1179648K
  class space    used 10517K, committed 11200K, reserved 1048576K
}
Event: 846.701 GC heap before
{Heap before GC invocations=1738 (full 43):
 PSYoungGen      total 8192K, used 8172K [0x00000000eab00000, 0x00000000ebc00000, 0x0000000100000000)
  eden space 7168K, 100% used [0x00000000eab00000,0x00000000eb200000,0x00000000eb200000)
  from space 1024K, 98% used [0x00000000ebb00000,0x00000000ebbfb280,0x00000000ebc00000)
  to   space 3584K, 0% used [0x00000000eb500000,0x00000000eb500000,0x00000000eb880000)
 ParOldGen       total 159744K, used 143411K [0x00000000c0000000, 0x00000000c9c00000, 0x00000000eab00000)
  object space 159744K, 89% used [0x00000000c0000000,0x00000000c8c0cf50,0x00000000c9c00000)
 Metaspace       used 100858K, committed 102336K, reserved 1179648K
  class space    used 10517K, committed 11200K, reserved 1048576K
}
Event: 846.702 GC heap after
{Heap after GC invocations=1738 (full 43):
 PSYoungGen      total 10752K, used 608K [0x00000000eab00000, 0x00000000ebb80000, 0x0000000100000000)
  eden space 7168K, 0% used [0x00000000eab00000,0x00000000eab00000,0x00000000eb200000)
  from space 3584K, 16% used [0x00000000eb500000,0x00000000eb598020,0x00000000eb880000)
  to   space 1536K, 0% used [0x00000000eba00000,0x00000000eba00000,0x00000000ebb80000)
 ParOldGen       total 159744K, used 143571K [0x00000000c0000000, 0x00000000c9c00000, 0x00000000eab00000)
  object space 159744K, 89% used [0x00000000c0000000,0x00000000c8c34f50,0x00000000c9c00000)
 Metaspace       used 100858K, committed 102336K, reserved 1179648K
  class space    used 10517K, committed 11200K, reserved 1048576K
}
Event: 847.079 GC heap before
{Heap before GC invocations=1739 (full 43):
 PSYoungGen      total 10752K, used 7776K [0x00000000eab00000, 0x00000000ebb80000, 0x0000000100000000)
  eden space 7168K, 100% used [0x00000000eab00000,0x00000000eb200000,0x00000000eb200000)
  from space 3584K, 16% used [0x00000000eb500000,0x00000000eb598020,0x00000000eb880000)
  to   space 1536K, 0% used [0x00000000eba00000,0x00000000eba00000,0x00000000ebb80000)
 ParOldGen       total 159744K, used 143571K [0x00000000c0000000, 0x00000000c9c00000, 0x00000000eab00000)
  object space 159744K, 89% used [0x00000000c0000000,0x00000000c8c34f50,0x00000000c9c00000)
 Metaspace       used 100859K, committed 102336K, reserved 1179648K
  class space    used 10517K, committed 11200K, reserved 1048576K
}
Event: 847.079 GC heap after
{Heap after GC invocations=1739 (full 43):
 PSYoungGen      total 8704K, used 1536K [0x00000000eab00000, 0x00000000ebb80000, 0x0000000100000000)
  eden space 7168K, 0% used [0x00000000eab00000,0x00000000eab00000,0x00000000eb200000)
  from space 1536K, 100% used [0x00000000eba00000,0x00000000ebb80000,0x00000000ebb80000)
  to   space 2048K, 0% used [0x00000000eb780000,0x00000000eb780000,0x00000000eb980000)
 ParOldGen       total 159744K, used 143982K [0x00000000c0000000, 0x00000000c9c00000, 0x00000000eab00000)
  object space 159744K, 90% used [0x00000000c0000000,0x00000000c8c9b890,0x00000000c9c00000)
 Metaspace       used 100859K, committed 102336K, reserved 1179648K
  class space    used 10517K, committed 11200K, reserved 1048576K
}
Event: 847.352 GC heap before
{Heap before GC invocations=1740 (full 43):
 PSYoungGen      total 8704K, used 8704K [0x00000000eab00000, 0x00000000ebb80000, 0x0000000100000000)
  eden space 7168K, 100% used [0x00000000eab00000,0x00000000eb200000,0x00000000eb200000)
  from space 1536K, 100% used [0x00000000eba00000,0x00000000ebb80000,0x00000000ebb80000)
  to   space 2048K, 0% used [0x00000000eb780000,0x00000000eb780000,0x00000000eb980000)
 ParOldGen       total 159744K, used 143982K [0x00000000c0000000, 0x00000000c9c00000, 0x00000000eab00000)
  object space 159744K, 90% used [0x00000000c0000000,0x00000000c8c9b890,0x00000000c9c00000)
 Metaspace       used 100859K, committed 102336K, reserved 1179648K
  class space    used 10517K, committed 11200K, reserved 1048576K
}
Event: 847.353 GC heap after
{Heap after GC invocations=1740 (full 43):
 PSYoungGen      total 9216K, used 2028K [0x00000000eab00000, 0x00000000ec000000, 0x0000000100000000)
  eden space 7168K, 0% used [0x00000000eab00000,0x00000000eab00000,0x00000000eb200000)
  from space 2048K, 99% used [0x00000000eb780000,0x00000000eb97b2a0,0x00000000eb980000)
  to   space 6656K, 0% used [0x00000000eb980000,0x00000000eb980000,0x00000000ec000000)
 ParOldGen       total 159744K, used 147894K [0x00000000c0000000, 0x00000000c9c00000, 0x00000000eab00000)
  object space 159744K, 92% used [0x00000000c0000000,0x00000000c906d890,0x00000000c9c00000)
 Metaspace       used 100859K, committed 102336K, reserved 1179648K
  class space    used 10517K, committed 11200K, reserved 1048576K
}
Event: 848.798 GC heap before
{Heap before GC invocations=1741 (full 43):
 PSYoungGen      total 9216K, used 9196K [0x00000000eab00000, 0x00000000ec000000, 0x0000000100000000)
  eden space 7168K, 100% used [0x00000000eab00000,0x00000000eb200000,0x00000000eb200000)
  from space 2048K, 99% used [0x00000000eb780000,0x00000000eb97b2a0,0x00000000eb980000)
  to   space 6656K, 0% used [0x00000000eb980000,0x00000000eb980000,0x00000000ec000000)
 ParOldGen       total 159744K, used 147894K [0x00000000c0000000, 0x00000000c9c00000, 0x00000000eab00000)
  object space 159744K, 92% used [0x00000000c0000000,0x00000000c906d890,0x00000000c9c00000)
 Metaspace       used 100881K, committed 102336K, reserved 1179648K
  class space    used 10517K, committed 11200K, reserved 1048576K
}
Event: 848.799 GC heap after
{Heap after GC invocations=1741 (full 43):
 PSYoungGen      total 9216K, used 1804K [0x00000000eab00000, 0x00000000ebb80000, 0x0000000100000000)
  eden space 7168K, 0% used [0x00000000eab00000,0x00000000eab00000,0x00000000eb200000)
  from space 2048K, 88% used [0x00000000eb980000,0x00000000ebb43280,0x00000000ebb80000)
  to   space 3584K, 0% used [0x00000000eb480000,0x00000000eb480000,0x00000000eb800000)
 ParOldGen       total 159744K, used 149634K [0x00000000c0000000, 0x00000000c9c00000, 0x00000000eab00000)
  object space 159744K, 93% used [0x00000000c0000000,0x00000000c9220b10,0x00000000c9c00000)
 Metaspace       used 100881K, committed 102336K, reserved 1179648K
  class space    used 10517K, committed 11200K, reserved 1048576K
}
Event: 848.809 GC heap before
{Heap before GC invocations=1742 (full 43):
 PSYoungGen      total 9216K, used 8972K [0x00000000eab00000, 0x00000000ebb80000, 0x0000000100000000)
  eden space 7168K, 100% used [0x00000000eab00000,0x00000000eb200000,0x00000000eb200000)
  from space 2048K, 88% used [0x00000000eb980000,0x00000000ebb43280,0x00000000ebb80000)
  to   space 3584K, 0% used [0x00000000eb480000,0x00000000eb480000,0x00000000eb800000)
 ParOldGen       total 159744K, used 149634K [0x00000000c0000000, 0x00000000c9c00000, 0x00000000eab00000)
  object space 159744K, 93% used [0x00000000c0000000,0x00000000c9220b10,0x00000000c9c00000)
 Metaspace       used 100884K, committed 102400K, reserved 1179648K
  class space    used 10517K, committed 11200K, reserved 1048576K
}
Event: 848.810 GC heap after
{Heap after GC invocations=1742 (full 43):
 PSYoungGen      total 10752K, used 912K [0x00000000eab00000, 0x00000000eba00000, 0x0000000100000000)
  eden space 7168K, 0% used [0x00000000eab00000,0x00000000eab00000,0x00000000eb200000)
  from space 3584K, 25% used [0x00000000eb480000,0x00000000eb564030,0x00000000eb800000)
  to   space 1536K, 0% used [0x00000000eb880000,0x00000000eb880000,0x00000000eba00000)
 ParOldGen       total 159744K, used 149722K [0x00000000c0000000, 0x00000000c9c00000, 0x00000000eab00000)
  object space 159744K, 93% used [0x00000000c0000000,0x00000000c9236b10,0x00000000c9c00000)
 Metaspace       used 100884K, committed 102400K, reserved 1179648K
  class space    used 10517K, committed 11200K, reserved 1048576K
}
Event: 849.378 GC heap before
{Heap before GC invocations=1743 (full 43):
 PSYoungGen      total 10752K, used 8080K [0x00000000eab00000, 0x00000000eba00000, 0x0000000100000000)
  eden space 7168K, 100% used [0x00000000eab00000,0x00000000eb200000,0x00000000eb200000)
  from space 3584K, 25% used [0x00000000eb480000,0x00000000eb564030,0x00000000eb800000)
  to   space 1536K, 0% used [0x00000000eb880000,0x00000000eb880000,0x00000000eba00000)
 ParOldGen       total 159744K, used 149722K [0x00000000c0000000, 0x00000000c9c00000, 0x00000000eab00000)
  object space 159744K, 93% used [0x00000000c0000000,0x00000000c9236b10,0x00000000c9c00000)
 Metaspace       used 100889K, committed 102400K, reserved 1179648K
  class space    used 10517K, committed 11200K, reserved 1048576K
}
Event: 849.379 GC heap after
{Heap after GC invocations=1743 (full 43):
 PSYoungGen      total 8704K, used 1184K [0x00000000eab00000, 0x00000000eba00000, 0x0000000100000000)
  eden space 7168K, 0% used [0x00000000eab00000,0x00000000eab00000,0x00000000eb200000)
  from space 1536K, 77% used [0x00000000eb880000,0x00000000eb9a8020,0x00000000eba00000)
  to   space 1536K, 0% used [0x00000000eb700000,0x00000000eb700000,0x00000000eb880000)
 ParOldGen       total 159744K, used 150461K [0x00000000c0000000, 0x00000000c9c00000, 0x00000000eab00000)
  object space 159744K, 94% used [0x00000000c0000000,0x00000000c92ef450,0x00000000c9c00000)
 Metaspace       used 100889K, committed 102400K, reserved 1179648K
  class space    used 10517K, committed 11200K, reserved 1048576K
}
Event: 859.001 GC heap before
{Heap before GC invocations=1744 (full 43):
 PSYoungGen      total 8704K, used 8352K [0x00000000eab00000, 0x00000000eba00000, 0x0000000100000000)
  eden space 7168K, 100% used [0x00000000eab00000,0x00000000eb200000,0x00000000eb200000)
  from space 1536K, 77% used [0x00000000eb880000,0x00000000eb9a8020,0x00000000eba00000)
  to   space 1536K, 0% used [0x00000000eb700000,0x00000000eb700000,0x00000000eb880000)
 ParOldGen       total 159744K, used 150461K [0x00000000c0000000, 0x00000000c9c00000, 0x00000000eab00000)
  object space 159744K, 94% used [0x00000000c0000000,0x00000000c92ef450,0x00000000c9c00000)
 Metaspace       used 100905K, committed 102400K, reserved 1179648K
  class space    used 10517K, committed 11200K, reserved 1048576K
}
Event: 859.002 GC heap after
{Heap after GC invocations=1744 (full 43):
 PSYoungGen      total 7680K, used 384K [0x00000000eab00000, 0x00000000eb900000, 0x0000000100000000)
  eden space 7168K, 0% used [0x00000000eab00000,0x00000000eab00000,0x00000000eb200000)
  from space 512K, 75% used [0x00000000eb700000,0x00000000eb760000,0x00000000eb780000)
  to   space 1024K, 0% used [0x00000000eb800000,0x00000000eb800000,0x00000000eb900000)
 ParOldGen       total 159744K, used 151101K [0x00000000c0000000, 0x00000000c9c00000, 0x00000000eab00000)
  object space 159744K, 94% used [0x00000000c0000000,0x00000000c938f450,0x00000000c9c00000)
 Metaspace       used 100905K, committed 102400K, reserved 1179648K
  class space    used 10517K, committed 11200K, reserved 1048576K
}
Event: 859.451 GC heap before
{Heap before GC invocations=1745 (full 43):
 PSYoungGen      total 7680K, used 7551K [0x00000000eab00000, 0x00000000eb900000, 0x0000000100000000)
  eden space 7168K, 99% used [0x00000000eab00000,0x00000000eb1ffea8,0x00000000eb200000)
  from space 512K, 75% used [0x00000000eb700000,0x00000000eb760000,0x00000000eb780000)
  to   space 1024K, 0% used [0x00000000eb800000,0x00000000eb800000,0x00000000eb900000)
 ParOldGen       total 159744K, used 151101K [0x00000000c0000000, 0x00000000c9c00000, 0x00000000eab00000)
  object space 159744K, 94% used [0x00000000c0000000,0x00000000c938f450,0x00000000c9c00000)
 Metaspace       used 100925K, committed 102400K, reserved 1179648K
  class space    used 10517K, committed 11200K, reserved 1048576K
}
Event: 859.452 GC heap after
{Heap after GC invocations=1745 (full 43):
 PSYoungGen      total 8192K, used 560K [0x00000000eab00000, 0x00000000eb900000, 0x0000000100000000)
  eden space 7168K, 0% used [0x00000000eab00000,0x00000000eab00000,0x00000000eb200000)
  from space 1024K, 54% used [0x00000000eb800000,0x00000000eb88c030,0x00000000eb900000)
  to   space 1024K, 0% used [0x00000000eb700000,0x00000000eb700000,0x00000000eb800000)
 ParOldGen       total 159744K, used 151165K [0x00000000c0000000, 0x00000000c9c00000, 0x00000000eab00000)
  object space 159744K, 94% used [0x00000000c0000000,0x00000000c939f450,0x00000000c9c00000)
 Metaspace       used 100925K, committed 102400K, reserved 1179648K
  class space    used 10517K, committed 11200K, reserved 1048576K
}
Event: 859.720 GC heap before
{Heap before GC invocations=1746 (full 43):
 PSYoungGen      total 8192K, used 7728K [0x00000000eab00000, 0x00000000eb900000, 0x0000000100000000)
  eden space 7168K, 99% used [0x00000000eab00000,0x00000000eb1ffff8,0x00000000eb200000)
  from space 1024K, 54% used [0x00000000eb800000,0x00000000eb88c030,0x00000000eb900000)
  to   space 1024K, 0% used [0x00000000eb700000,0x00000000eb700000,0x00000000eb800000)
 ParOldGen       total 159744K, used 151165K [0x00000000c0000000, 0x00000000c9c00000, 0x00000000eab00000)
  object space 159744K, 94% used [0x00000000c0000000,0x00000000c939f450,0x00000000c9c00000)
 Metaspace       used 100927K, committed 102400K, reserved 1179648K
  class space    used 10517K, committed 11200K, reserved 1048576K
}
Event: 859.721 GC heap after
{Heap after GC invocations=1746 (full 43):
 PSYoungGen      total 8192K, used 1004K [0x00000000eab00000, 0x00000000eb900000, 0x0000000100000000)
  eden space 7168K, 0% used [0x00000000eab00000,0x00000000eab00000,0x00000000eb200000)
  from space 1024K, 98% used [0x00000000eb700000,0x00000000eb7fb2a0,0x00000000eb800000)
  to   space 1024K, 0% used [0x00000000eb800000,0x00000000eb800000,0x00000000eb900000)
 ParOldGen       total 159744K, used 154245K [0x00000000c0000000, 0x00000000c9c00000, 0x00000000eab00000)
  object space 159744K, 96% used [0x00000000c0000000,0x00000000c96a1450,0x00000000c9c00000)
 Metaspace       used 100927K, committed 102400K, reserved 1179648K
  class space    used 10517K, committed 11200K, reserved 1048576K
}

