# JRE version: OpenJDK Runtime Environment Temurin-17.0.10+7 (17.0.10+7) (build 17.0.10+7)
# Java VM: OpenJDK 64-Bit Server VM Temurin-17.0.10+7 (17.0.10+7, mixed mode, tiered, compressed oops, compressed class ptrs, parallel gc, windows-amd64)
GC Precious Log:
 CPUs: 16 total, 16 available
 Memory: 15610M
 Large Page Support: Disabled
 NUMA Support: Disabled
 Compressed Oops: Enabled (32-bit)
 Alignments: Space 512K, Generation 512K, Heap 2M
 Heap Min Capacity: 100M
 Heap Initial Capacity: 100M
 Heap Max Capacity: 1G
 Pre-touch: Disabled
 Parallel Workers: 13
Heap:
 PSYoungGen      total 18432K, used 4979K [0x00000000eab00000, 0x00000000ec100000, 0x0000000100000000)
  eden space 16384K, 20% used [0x00000000eab00000,0x00000000eae34f78,0x00000000ebb00000)
  from space 2048K, 82% used [0x00000000ebf00000,0x00000000ec0a8000,0x00000000ec100000)
  to   space 2560K, 0% used [0x00000000ebc00000,0x00000000ebc00000,0x00000000ebe80000)
 ParOldGen       total 68608K, used 66852K [0x00000000c0000000, 0x00000000c4300000, 0x00000000eab00000)
  object space 68608K, 97% used [0x00000000c0000000,0x00000000c4149158,0x00000000c4300000)
 Metaspace       used 70688K, committed 72064K, reserved 1114112K
  class space    used 7487K, committed 8128K, reserved 1048576K
GC Heap History (20 events):
Event: 7.789 GC heap before
{Heap before GC invocations=53 (full 3):
 PSYoungGen      total 17920K, used 17526K [0x00000000eab00000, 0x00000000ebe80000, 0x0000000100000000)
  eden space 16384K, 100% used [0x00000000eab00000,0x00000000ebb00000,0x00000000ebb00000)
  from space 1536K, 74% used [0x00000000ebc00000,0x00000000ebd1db90,0x00000000ebd80000)
  to   space 1024K, 0% used [0x00000000ebd80000,0x00000000ebd80000,0x00000000ebe80000)
 ParOldGen       total 68608K, used 55699K [0x00000000c0000000, 0x00000000c4300000, 0x00000000eab00000)
  object space 68608K, 81% used [0x00000000c0000000,0x00000000c3664d70,0x00000000c4300000)
 Metaspace       used 65632K, committed 66816K, reserved 1114112K
  class space    used 6963K, committed 7488K, reserved 1048576K
}
Event: 7.791 GC heap after
{Heap after GC invocations=53 (full 3):
 PSYoungGen      total 17408K, used 731K [0x00000000eab00000, 0x00000000ebe80000, 0x0000000100000000)
  eden space 16384K, 0% used [0x00000000eab00000,0x00000000eab00000,0x00000000ebb00000)
  from space 1024K, 71% used [0x00000000ebd80000,0x00000000ebe36f70,0x00000000ebe80000)
  to   space 1024K, 0% used [0x00000000ebc80000,0x00000000ebc80000,0x00000000ebd80000)
 ParOldGen       total 68608K, used 56510K [0x00000000c0000000, 0x00000000c4300000, 0x00000000eab00000)
  object space 68608K, 82% used [0x00000000c0000000,0x00000000c372f838,0x00000000c4300000)
 Metaspace       used 65632K, committed 66816K, reserved 1114112K
  class space    used 6963K, committed 7488K, reserved 1048576K
}
Event: 7.821 GC heap before
{Heap before GC invocations=54 (full 3):
 PSYoungGen      total 17408K, used 17115K [0x00000000eab00000, 0x00000000ebe80000, 0x0000000100000000)
  eden space 16384K, 100% used [0x00000000eab00000,0x00000000ebb00000,0x00000000ebb00000)
  from space 1024K, 71% used [0x00000000ebd80000,0x00000000ebe36f70,0x00000000ebe80000)
  to   space 1024K, 0% used [0x00000000ebc80000,0x00000000ebc80000,0x00000000ebd80000)
 ParOldGen       total 68608K, used 56510K [0x00000000c0000000, 0x00000000c4300000, 0x00000000eab00000)
  object space 68608K, 82% used [0x00000000c0000000,0x00000000c372f838,0x00000000c4300000)
 Metaspace       used 65821K, committed 67072K, reserved 1114112K
  class space    used 6981K, committed 7552K, reserved 1048576K
}
Event: 7.823 GC heap after
{Heap after GC invocations=54 (full 3):
 PSYoungGen      total 17408K, used 698K [0x00000000eab00000, 0x00000000ebe00000, 0x0000000100000000)
  eden space 16384K, 0% used [0x00000000eab00000,0x00000000eab00000,0x00000000ebb00000)
  from space 1024K, 68% used [0x00000000ebc80000,0x00000000ebd2e860,0x00000000ebd80000)
  to   space 512K, 0% used [0x00000000ebd80000,0x00000000ebd80000,0x00000000ebe00000)
 ParOldGen       total 68608K, used 56870K [0x00000000c0000000, 0x00000000c4300000, 0x00000000eab00000)
  object space 68608K, 82% used [0x00000000c0000000,0x00000000c3789838,0x00000000c4300000)
 Metaspace       used 65821K, committed 67072K, reserved 1114112K
  class space    used 6981K, committed 7552K, reserved 1048576K
}
Event: 7.850 GC heap before
{Heap before GC invocations=55 (full 3):
 PSYoungGen      total 17408K, used 17082K [0x00000000eab00000, 0x00000000ebe00000, 0x0000000100000000)
  eden space 16384K, 100% used [0x00000000eab00000,0x00000000ebb00000,0x00000000ebb00000)
  from space 1024K, 68% used [0x00000000ebc80000,0x00000000ebd2e860,0x00000000ebd80000)
  to   space 512K, 0% used [0x00000000ebd80000,0x00000000ebd80000,0x00000000ebe00000)
 ParOldGen       total 68608K, used 56870K [0x00000000c0000000, 0x00000000c4300000, 0x00000000eab00000)
  object space 68608K, 82% used [0x00000000c0000000,0x00000000c3789838,0x00000000c4300000)
 Metaspace       used 65932K, committed 67200K, reserved 1114112K
  class space    used 6988K, committed 7552K, reserved 1048576K
}
Event: 7.851 GC heap after
{Heap after GC invocations=55 (full 3):
 PSYoungGen      total 16896K, used 512K [0x00000000eab00000, 0x00000000ec000000, 0x0000000100000000)
  eden space 16384K, 0% used [0x00000000eab00000,0x00000000eab00000,0x00000000ebb00000)
  from space 512K, 100% used [0x00000000ebd80000,0x00000000ebe00000,0x00000000ebe00000)
  to   space 2560K, 0% used [0x00000000ebb00000,0x00000000ebb00000,0x00000000ebd80000)
 ParOldGen       total 68608K, used 58226K [0x00000000c0000000, 0x00000000c4300000, 0x00000000eab00000)
  object space 68608K, 84% used [0x00000000c0000000,0x00000000c38dc858,0x00000000c4300000)
 Metaspace       used 65932K, committed 67200K, reserved 1114112K
  class space    used 6988K, committed 7552K, reserved 1048576K
}
Event: 7.879 GC heap before
{Heap before GC invocations=56 (full 3):
 PSYoungGen      total 16896K, used 16896K [0x00000000eab00000, 0x00000000ec000000, 0x0000000100000000)
  eden space 16384K, 100% used [0x00000000eab00000,0x00000000ebb00000,0x00000000ebb00000)
  from space 512K, 100% used [0x00000000ebd80000,0x00000000ebe00000,0x00000000ebe00000)
  to   space 2560K, 0% used [0x00000000ebb00000,0x00000000ebb00000,0x00000000ebd80000)
 ParOldGen       total 68608K, used 58226K [0x00000000c0000000, 0x00000000c4300000, 0x00000000eab00000)
  object space 68608K, 84% used [0x00000000c0000000,0x00000000c38dc858,0x00000000c4300000)
 Metaspace       used 66105K, committed 67328K, reserved 1114112K
  class space    used 7021K, committed 7552K, reserved 1048576K
}
Event: 7.881 GC heap after
{Heap after GC invocations=56 (full 3):
 PSYoungGen      total 17408K, used 608K [0x00000000eab00000, 0x00000000ebe00000, 0x0000000100000000)
  eden space 16384K, 0% used [0x00000000eab00000,0x00000000eab00000,0x00000000ebb00000)
  from space 1024K, 59% used [0x00000000ebb00000,0x00000000ebb98000,0x00000000ebc00000)
  to   space 1536K, 0% used [0x00000000ebc80000,0x00000000ebc80000,0x00000000ebe00000)
 ParOldGen       total 68608K, used 58762K [0x00000000c0000000, 0x00000000c4300000, 0x00000000eab00000)
  object space 68608K, 85% used [0x00000000c0000000,0x00000000c3962858,0x00000000c4300000)
 Metaspace       used 66105K, committed 67328K, reserved 1114112K
  class space    used 7021K, committed 7552K, reserved 1048576K
}
Event: 7.906 GC heap before
{Heap before GC invocations=57 (full 3):
 PSYoungGen      total 17408K, used 16992K [0x00000000eab00000, 0x00000000ebe00000, 0x0000000100000000)
  eden space 16384K, 100% used [0x00000000eab00000,0x00000000ebb00000,0x00000000ebb00000)
  from space 1024K, 59% used [0x00000000ebb00000,0x00000000ebb98000,0x00000000ebc00000)
  to   space 1536K, 0% used [0x00000000ebc80000,0x00000000ebc80000,0x00000000ebe00000)
 ParOldGen       total 68608K, used 58762K [0x00000000c0000000, 0x00000000c4300000, 0x00000000eab00000)
  object space 68608K, 85% used [0x00000000c0000000,0x00000000c3962858,0x00000000c4300000)
 Metaspace       used 66173K, committed 67392K, reserved 1114112K
  class space    used 7027K, committed 7552K, reserved 1048576K
}
Event: 7.907 GC heap after
{Heap after GC invocations=57 (full 3):
 PSYoungGen      total 17408K, used 827K [0x00000000eab00000, 0x00000000ebd80000, 0x0000000100000000)
  eden space 16384K, 0% used [0x00000000eab00000,0x00000000eab00000,0x00000000ebb00000)
  from space 1024K, 80% used [0x00000000ebc80000,0x00000000ebd4efd8,0x00000000ebd80000)
  to   space 1024K, 0% used [0x00000000ebb00000,0x00000000ebb00000,0x00000000ebc00000)
 ParOldGen       total 68608K, used 59266K [0x00000000c0000000, 0x00000000c4300000, 0x00000000eab00000)
  object space 68608K, 86% used [0x00000000c0000000,0x00000000c39e0858,0x00000000c4300000)
 Metaspace       used 66173K, committed 67392K, reserved 1114112K
  class space    used 7027K, committed 7552K, reserved 1048576K
}
Event: 8.064 GC heap before
{Heap before GC invocations=58 (full 3):
 PSYoungGen      total 17408K, used 17211K [0x00000000eab00000, 0x00000000ebd80000, 0x0000000100000000)
  eden space 16384K, 100% used [0x00000000eab00000,0x00000000ebb00000,0x00000000ebb00000)
  from space 1024K, 80% used [0x00000000ebc80000,0x00000000ebd4efd8,0x00000000ebd80000)
  to   space 1024K, 0% used [0x00000000ebb00000,0x00000000ebb00000,0x00000000ebc00000)
 ParOldGen       total 68608K, used 59266K [0x00000000c0000000, 0x00000000c4300000, 0x00000000eab00000)
  object space 68608K, 86% used [0x00000000c0000000,0x00000000c39e0858,0x00000000c4300000)
 Metaspace       used 67602K, committed 68864K, reserved 1114112K
  class space    used 7180K, committed 7744K, reserved 1048576K
}
Event: 8.068 GC heap after
{Heap after GC invocations=58 (full 3):
 PSYoungGen      total 17408K, used 1000K [0x00000000eab00000, 0x00000000ec200000, 0x0000000100000000)
  eden space 16384K, 0% used [0x00000000eab00000,0x00000000eab00000,0x00000000ebb00000)
  from space 1024K, 97% used [0x00000000ebb00000,0x00000000ebbfa000,0x00000000ebc00000)
  to   space 3584K, 0% used [0x00000000ebe80000,0x00000000ebe80000,0x00000000ec200000)
 ParOldGen       total 68608K, used 61128K [0x00000000c0000000, 0x00000000c4300000, 0x00000000eab00000)
  object space 68608K, 89% used [0x00000000c0000000,0x00000000c3bb2318,0x00000000c4300000)
 Metaspace       used 67602K, committed 68864K, reserved 1114112K
  class space    used 7180K, committed 7744K, reserved 1048576K
}
Event: 8.247 GC heap before
{Heap before GC invocations=59 (full 3):
 PSYoungGen      total 17408K, used 17384K [0x00000000eab00000, 0x00000000ec200000, 0x0000000100000000)
  eden space 16384K, 100% used [0x00000000eab00000,0x00000000ebb00000,0x00000000ebb00000)
  from space 1024K, 97% used [0x00000000ebb00000,0x00000000ebbfa000,0x00000000ebc00000)
  to   space 3584K, 0% used [0x00000000ebe80000,0x00000000ebe80000,0x00000000ec200000)
 ParOldGen       total 68608K, used 61128K [0x00000000c0000000, 0x00000000c4300000, 0x00000000eab00000)
  object space 68608K, 89% used [0x00000000c0000000,0x00000000c3bb2318,0x00000000c4300000)
 Metaspace       used 68991K, committed 70272K, reserved 1114112K
  class space    used 7337K, committed 7936K, reserved 1048576K
}
Event: 8.250 GC heap after
{Heap after GC invocations=59 (full 3):
 PSYoungGen      total 18432K, used 1850K [0x00000000eab00000, 0x00000000ec080000, 0x0000000100000000)
  eden space 16384K, 0% used [0x00000000eab00000,0x00000000eab00000,0x00000000ebb00000)
  from space 2048K, 90% used [0x00000000ebe80000,0x00000000ec04e9e8,0x00000000ec080000)
  to   space 2560K, 0% used [0x00000000ebb80000,0x00000000ebb80000,0x00000000ebe00000)
 ParOldGen       total 68608K, used 62086K [0x00000000c0000000, 0x00000000c4300000, 0x00000000eab00000)
  object space 68608K, 90% used [0x00000000c0000000,0x00000000c3ca19b8,0x00000000c4300000)
 Metaspace       used 68991K, committed 70272K, reserved 1114112K
  class space    used 7337K, committed 7936K, reserved 1048576K
}
Event: 8.337 GC heap before
{Heap before GC invocations=60 (full 3):
 PSYoungGen      total 18432K, used 18234K [0x00000000eab00000, 0x00000000ec080000, 0x0000000100000000)
  eden space 16384K, 100% used [0x00000000eab00000,0x00000000ebb00000,0x00000000ebb00000)
  from space 2048K, 90% used [0x00000000ebe80000,0x00000000ec04e9e8,0x00000000ec080000)
  to   space 2560K, 0% used [0x00000000ebb80000,0x00000000ebb80000,0x00000000ebe00000)
 ParOldGen       total 68608K, used 62086K [0x00000000c0000000, 0x00000000c4300000, 0x00000000eab00000)
  object space 68608K, 90% used [0x00000000c0000000,0x00000000c3ca19b8,0x00000000c4300000)
 Metaspace       used 69345K, committed 70592K, reserved 1114112K
  class space    used 7377K, committed 7936K, reserved 1048576K
}
Event: 8.339 GC heap after
{Heap after GC invocations=60 (full 3):
 PSYoungGen      total 17408K, used 736K [0x00000000eab00000, 0x00000000ebf00000, 0x0000000100000000)
  eden space 16384K, 0% used [0x00000000eab00000,0x00000000eab00000,0x00000000ebb00000)
  from space 1024K, 71% used [0x00000000ebb80000,0x00000000ebc38000,0x00000000ebc80000)
  to   space 1536K, 0% used [0x00000000ebd80000,0x00000000ebd80000,0x00000000ebf00000)
 ParOldGen       total 68608K, used 63537K [0x00000000c0000000, 0x00000000c4300000, 0x00000000eab00000)
  object space 68608K, 92% used [0x00000000c0000000,0x00000000c3e0c458,0x00000000c4300000)
 Metaspace       used 69345K, committed 70592K, reserved 1114112K
  class space    used 7377K, committed 7936K, reserved 1048576K
}
Event: 8.482 GC heap before
{Heap before GC invocations=61 (full 3):
 PSYoungGen      total 17408K, used 17120K [0x00000000eab00000, 0x00000000ebf00000, 0x0000000100000000)
  eden space 16384K, 100% used [0x00000000eab00000,0x00000000ebb00000,0x00000000ebb00000)
  from space 1024K, 71% used [0x00000000ebb80000,0x00000000ebc38000,0x00000000ebc80000)
  to   space 1536K, 0% used [0x00000000ebd80000,0x00000000ebd80000,0x00000000ebf00000)
 ParOldGen       total 68608K, used 63537K [0x00000000c0000000, 0x00000000c4300000, 0x00000000eab00000)
  object space 68608K, 92% used [0x00000000c0000000,0x00000000c3e0c458,0x00000000c4300000)
 Metaspace       used 70063K, committed 71360K, reserved 1114112K
  class space    used 7456K, committed 8064K, reserved 1048576K
}
Event: 8.483 GC heap after
{Heap after GC invocations=61 (full 3):
 PSYoungGen      total 17920K, used 1210K [0x00000000eab00000, 0x00000000ebf00000, 0x0000000100000000)
  eden space 16384K, 0% used [0x00000000eab00000,0x00000000eab00000,0x00000000ebb00000)
  from space 1536K, 78% used [0x00000000ebd80000,0x00000000ebeae8c8,0x00000000ebf00000)
  to   space 1536K, 0% used [0x00000000ebc00000,0x00000000ebc00000,0x00000000ebd80000)
 ParOldGen       total 68608K, used 63971K [0x00000000c0000000, 0x00000000c4300000, 0x00000000eab00000)
  object space 68608K, 93% used [0x00000000c0000000,0x00000000c3e78d58,0x00000000c4300000)
 Metaspace       used 70063K, committed 71360K, reserved 1114112K
  class space    used 7456K, committed 8064K, reserved 1048576K
}
Event: 8.633 GC heap before
{Heap before GC invocations=62 (full 3):
 PSYoungGen      total 17920K, used 17594K [0x00000000eab00000, 0x00000000ebf00000, 0x0000000100000000)
  eden space 16384K, 100% used [0x00000000eab00000,0x00000000ebb00000,0x00000000ebb00000)
  from space 1536K, 78% used [0x00000000ebd80000,0x00000000ebeae8c8,0x00000000ebf00000)
  to   space 1536K, 0% used [0x00000000ebc00000,0x00000000ebc00000,0x00000000ebd80000)
 ParOldGen       total 68608K, used 63971K [0x00000000c0000000, 0x00000000c4300000, 0x00000000eab00000)
  object space 68608K, 93% used [0x00000000c0000000,0x00000000c3e78d58,0x00000000c4300000)
 Metaspace       used 70428K, committed 71744K, reserved 1114112K
  class space    used 7479K, committed 8064K, reserved 1048576K
}
Event: 8.635 GC heap after
{Heap after GC invocations=62 (full 3):
 PSYoungGen      total 17920K, used 1511K [0x00000000eab00000, 0x00000000ec300000, 0x0000000100000000)
  eden space 16384K, 0% used [0x00000000eab00000,0x00000000eab00000,0x00000000ebb00000)
  from space 1536K, 98% used [0x00000000ebc00000,0x00000000ebd79fd0,0x00000000ebd80000)
  to   space 4096K, 0% used [0x00000000ebf00000,0x00000000ebf00000,0x00000000ec300000)
 ParOldGen       total 68608K, used 65983K [0x00000000c0000000, 0x00000000c4300000, 0x00000000eab00000)
  object space 68608K, 96% used [0x00000000c0000000,0x00000000c406ff00,0x00000000c4300000)
 Metaspace       used 70428K, committed 71744K, reserved 1114112K
  class space    used 7479K, committed 8064K, reserved 1048576K
}

